<?xml version="1.0" encoding="UTF-8"?>
<testng-results ignored="0" total="5" passed="5" failed="0" skipped="0">
  <reporter-output>
  </reporter-output>
  <suite started-at="2024-04-03T12:17:40 IST" name="Default suite" finished-at="2024-04-03T12:17:43 IST" duration-ms="2826">
    <groups>
      <group name="cucumber">
        <method signature="AbstractTestNGCucumberTests.runScenario(io.cucumber.testng.PickleWrapper,io.cucumber.testng.FeatureWrapper)[pri:0, instance:TestRunner.cucumberTestRunnerTags@3a7442c7]" name="runScenario" class="io.cucumber.testng.AbstractTestNGCucumberTests"/>
      </group> <!-- cucumber -->
    </groups>
    <test started-at="2024-04-03T12:17:40 IST" name="Default test" finished-at="2024-04-03T12:17:43 IST" duration-ms="2826">
      <class name="TestRunner.cucumberTestRunnerTags">
        <test-method is-config="true" signature="setUpClass(org.testng.ITestContext)[pri:0, instance:TestRunner.cucumberTestRunnerTags@3a7442c7]" started-at="2024-04-03T12:17:40 IST" name="setUpClass" finished-at="2024-04-03T12:17:42 IST" duration-ms="1970" status="PASS">
          <params>
            <param index="0">
              <value>
                <![CDATA[org.testng.TestRunner@27f3b6d6]]>
              </value>
            </param>
          </params>
          <reporter-output>
          </reporter-output>
        </test-method> <!-- setUpClass -->
        <test-method signature="runScenario(io.cucumber.testng.PickleWrapper,io.cucumber.testng.FeatureWrapper)[pri:0, instance:TestRunner.cucumberTestRunnerTags@3a7442c7]" started-at="2024-04-03T12:17:42 IST" name="runScenario" description="Runs Cucumber Scenarios" data-provider="scenarios" finished-at="2024-04-03T12:17:42 IST" duration-ms="425" status="PASS">
          <params>
            <param index="0">
              <value>
                <![CDATA["Execute scenario 1 of Test1"]]>
              </value>
            </param>
            <param index="1">
              <value>
                <![CDATA["This is feature from Test1"]]>
              </value>
            </param>
          </params>
          <reporter-output>
          </reporter-output>
        </test-method> <!-- runScenario -->
        <test-method signature="runScenario(io.cucumber.testng.PickleWrapper,io.cucumber.testng.FeatureWrapper)[pri:0, instance:TestRunner.cucumberTestRunnerTags@3a7442c7]" started-at="2024-04-03T12:17:42 IST" name="runScenario" description="Runs Cucumber Scenarios" data-provider="scenarios" finished-at="2024-04-03T12:17:42 IST" duration-ms="38" status="PASS">
          <params>
            <param index="0">
              <value>
                <![CDATA["Execute scenario 3  of Test1"]]>
              </value>
            </param>
            <param index="1">
              <value>
                <![CDATA["This is feature from Test1"]]>
              </value>
            </param>
          </params>
          <reporter-output>
          </reporter-output>
        </test-method> <!-- runScenario -->
        <test-method signature="runScenario(io.cucumber.testng.PickleWrapper,io.cucumber.testng.FeatureWrapper)[pri:0, instance:TestRunner.cucumberTestRunnerTags@3a7442c7]" started-at="2024-04-03T12:17:42 IST" name="runScenario" description="Runs Cucumber Scenarios" data-provider="scenarios" finished-at="2024-04-03T12:17:42 IST" duration-ms="26" status="PASS">
          <params>
            <param index="0">
              <value>
                <![CDATA["Execute scenario 2 of Test2"]]>
              </value>
            </param>
            <param index="1">
              <value>
                <![CDATA["This is feature from Test2"]]>
              </value>
            </param>
          </params>
          <reporter-output>
          </reporter-output>
        </test-method> <!-- runScenario -->
        <test-method signature="runScenario(io.cucumber.testng.PickleWrapper,io.cucumber.testng.FeatureWrapper)[pri:0, instance:TestRunner.cucumberTestRunnerTags@3a7442c7]" started-at="2024-04-03T12:17:42 IST" name="runScenario" description="Runs Cucumber Scenarios" data-provider="scenarios" finished-at="2024-04-03T12:17:42 IST" duration-ms="24" status="PASS">
          <params>
            <param index="0">
              <value>
                <![CDATA["Execute scenario 3  of Test2"]]>
              </value>
            </param>
            <param index="1">
              <value>
                <![CDATA["This is feature from Test2"]]>
              </value>
            </param>
          </params>
          <reporter-output>
          </reporter-output>
        </test-method> <!-- runScenario -->
        <test-method signature="runScenario(io.cucumber.testng.PickleWrapper,io.cucumber.testng.FeatureWrapper)[pri:0, instance:TestRunner.cucumberTestRunnerTags@3a7442c7]" started-at="2024-04-03T12:17:42 IST" name="runScenario" description="Runs Cucumber Scenarios" data-provider="scenarios" finished-at="2024-04-03T12:17:42 IST" duration-ms="20" status="PASS">
          <params>
            <param index="0">
              <value>
                <![CDATA["Execute scenario 2 of Test3"]]>
              </value>
            </param>
            <param index="1">
              <value>
                <![CDATA["This is feature from Test3"]]>
              </value>
            </param>
          </params>
          <reporter-output>
          </reporter-output>
        </test-method> <!-- runScenario -->
        <test-method is-config="true" signature="tearDownClass()[pri:0, instance:TestRunner.cucumberTestRunnerTags@3a7442c7]" started-at="2024-04-03T12:17:42 IST" name="tearDownClass" finished-at="2024-04-03T12:17:43 IST" duration-ms="97" status="PASS">
          <reporter-output>
          </reporter-output>
        </test-method> <!-- tearDownClass -->
      </class> <!-- TestRunner.cucumberTestRunnerTags -->
    </test> <!-- Default test -->
  </suite> <!-- Default suite -->
</testng-results>
